assimp-vc143-mtd.lib(OpenDDLExport.cpp.obj) : error LNK2038: mismatch detected for 'RuntimeLibrary': value 'MTd_StaticDebug' doesn't match value 'MDd_DynamicDebug' in main.obj
assimp-vc143-mtd.lib(DDLNode.cpp.obj) : error LNK2038: mismatch detected for 'RuntimeLibrary': value 'MTd_StaticDebug' doesn't match value 'MDd_DynamicDebug' in main.obj
assimp-vc143-mtd.lib(OpenDDLStream.cpp.obj) : error LNK2038: mismatch detected for 'RuntimeLibrary': value 'MTd_StaticDebug' doesn't match value 'MDd_DynamicDebug' in main.obj
assimp-vc143-mtd.lib(Value.cpp.obj) : error LNK2038: mismatch detected for 'RuntimeLibrary': value 'MTd_StaticDebug' doesn't match value 'MDd_DynamicDebug' in main.obj
assimp-vc143-mtd.lib(OpenDDLParser.cpp.obj) : error LNK2038: mismatch detected for 'RuntimeLibrary': value 'MTd_StaticDebug' doesn't match value 'MDd_DynamicDebug' in main.obj
assimp-vc143-mtd.lib(OpenDDLCommon.cpp.obj) : error LNK2038: mismatch detected for 'RuntimeLibrary': value 'MTd_StaticDebug' doesn't match value 'MDd_DynamicDebug' in main.obj
msvcprtd.lib(MSVCP140D.dll) : error LNK2005: "public: bool __cdecl std::ios_base::good(void)const " (?good@ios_base@std@@QEBA_NXZ) already defined in assimp-vc143-mtd.lib(OpenDDLExport.cpp.obj)
msvcprtd.lib(MSVCP140D.dll) : error LNK2005: "public: int __cdecl std::ios_base::flags(void)const " (?flags@ios_base@std@@QEBAHXZ) already defined in assimp-vc143-mtd.lib(OpenDDLExport.cpp.obj)
msvcprtd.lib(MSVCP140D.dll) : error LNK2005: "public: __int64 __cdecl std::ios_base::width(void)const " (?width@ios_base@std@@QEBA_JXZ) already defined in assimp-vc143-mtd.lib(OpenDDLExport.cpp.obj)
msvcprtd.lib(MSVCP140D.dll) : error LNK2005: "public: __int64 __cdecl std::ios_base::width(__int64)" (?width@ios_base@std@@QEAA_J_J@Z) already defined in assimp-vc143-mtd.lib(OpenDDLExport.cpp.obj)
msvcprtd.lib(MSVCP140D.dll) : error LNK2005: "public: int __cdecl std::basic_streambuf<char,struct std::char_traits<char> >::sputc(char)" (?sputc@?$basic_streambuf@DU?$char_traits@D@std@@@std@@QEAAHD@Z) already defined in assimp-vc143-mtd.lib(OpenDDLExport.cpp.obj)
msvcprtd.lib(MSVCP140D.dll) : error LNK2005: "public: __int64 __cdecl std::basic_streambuf<char,struct std::char_traits<char> >::sputn(char const *,__int64)" (?sputn@?$basic_streambuf@DU?$char_traits@D@std@@@std@@QEAA_JPEBD_J@Z) already defined in assimp-vc143-mtd.lib(OpenDDLExport.cpp.obj)
msvcprtd.lib(MSVCP140D.dll) : error LNK2005: "public: void __cdecl std::basic_ios<char,struct std::char_traits<char> >::setstate(int,bool)" (?setstate@?$basic_ios@DU?$char_traits@D@std@@@std@@QEAAXH_N@Z) already defined in assimp-vc143-mtd.lib(OpenDDLExport.cpp.obj)
msvcprtd.lib(MSVCP140D.dll) : error LNK2005: "public: class std::basic_ostream<char,struct std::char_traits<char> > * __cdecl std::basic_ios<char,struct std::char_traits<char> >::tie(void)const " (?tie@?$basic_ios@DU?$char_traits@D@std@@@std@@QEBAPEAV?$basic_ostream@DU?$char_traits@D@std@@@2@XZ) already defined in assimp-vc143-mtd.lib(OpenDDLExport.cpp.obj)
msvcprtd.lib(MSVCP140D.dll) : error LNK2005: "public: class std::basic_streambuf<char,struct std::char_traits<char> > * __cdecl std::basic_ios<char,struct std::char_traits<char> >::rdbuf(void)const " (?rdbuf@?$basic_ios@DU?$char_traits@D@std@@@std@@QEBAPEAV?$basic_streambuf@DU?$char_traits@D@std@@@2@XZ) already defined in assimp-vc143-mtd.lib(OpenDDLExport.cpp.obj)
msvcprtd.lib(MSVCP140D.dll) : error LNK2005: "public: char __cdecl std::basic_ios<char,struct std::char_traits<char> >::fill(void)const " (?fill@?$basic_ios@DU?$char_traits@D@std@@@std@@QEBADXZ) already defined in assimp-vc143-mtd.lib(OpenDDLExport.cpp.obj)
msvcprtd.lib(MSVCP140D.dll) : error LNK2005: "public: char __cdecl std::basic_ios<char,struct std::char_traits<char> >::widen(char)const " (?widen@?$basic_ios@DU?$char_traits@D@std@@@std@@QEBADD@Z) already defined in assimp-vc143-mtd.lib(OpenDDLExport.cpp.obj)
msvcprtd.lib(MSVCP140D.dll) : error LNK2005: "public: void __cdecl std::basic_ostream<char,struct std::char_traits<char> >::_Osfx(void)" (?_Osfx@?$basic_ostream@DU?$char_traits@D@std@@@std@@QEAAXXZ) already defined in assimp-vc143-mtd.lib(OpenDDLExport.cpp.obj)
msvcprtd.lib(MSVCP140D.dll) : error LNK2005: "public: class std::basic_ostream<char,struct std::char_traits<char> > & __cdecl std::basic_ostream<char,struct std::char_traits<char> >::operator<<(class std::basic_ostream<char,struct std::char_traits<char> > & (__cdecl*)(class std::basic_ostream<char,struct std::char_traits<char> > &))" (??6?$basic_ostream@DU?$char_traits@D@std@@@std@@QEAAAEAV01@P6AAEAV01@AEAV01@@Z@Z) already defined in assimp-vc143-mtd.lib(OpenDDLParser.cpp.obj)
msvcprtd.lib(MSVCP140D.dll) : error LNK2005: "public: class std::basic_ostream<char,struct std::char_traits<char> > & __cdecl std::basic_ostream<char,struct std::char_traits<char> >::put(char)" (?put@?$basic_ostream@DU?$char_traits@D@std@@@std@@QEAAAEAV12@D@Z) already defined in assimp-vc143-mtd.lib(OpenDDLParser.cpp.obj)
msvcprtd.lib(MSVCP140D.dll) : error LNK2005: "public: class std::basic_ostream<char,struct std::char_traits<char> > & __cdecl std::basic_ostream<char,struct std::char_traits<char> >::flush(void)" (?flush@?$basic_ostream@DU?$char_traits@D@std@@@std@@QEAAAEAV12@XZ) already defined in assimp-vc143-mtd.lib(OpenDDLExport.cpp.obj)
msvcprtd.lib(MSVCP140D.dll) : error LNK2005: "public: __cdecl std::locale::id::operator unsigned __int64(void)" (??Bid@locale@std@@QEAA_KXZ) already defined in assimp-vc143-mtd.lib(OpenDDLExport.cpp.obj)
msvcprtd.lib(MSVCP140D.dll) : error LNK2005: "protected: __cdecl std::basic_streambuf<char,struct std::char_traits<char> >::basic_streambuf<char,struct std::char_traits<char> >(void)" (??0?$basic_streambuf@DU?$char_traits@D@std@@@std@@IEAA@XZ) already defined in assimp-vc143-mtd.lib(OpenDDLExport.cpp.obj)
msvcprtd.lib(MSVCP140D.dll) : error LNK2005: "public: virtual __cdecl std::basic_streambuf<char,struct std::char_traits<char> >::~basic_streambuf<char,struct std::char_traits<char> >(void)" (??1?$basic_streambuf@DU?$char_traits@D@std@@@std@@UEAA@XZ) already defined in assimp-vc143-mtd.lib(OpenDDLExport.cpp.obj)
msvcprtd.lib(MSVCP140D.dll) : error LNK2005: "protected: char * __cdecl std::basic_streambuf<char,struct std::char_traits<char> >::eback(void)const " (?eback@?$basic_streambuf@DU?$char_traits@D@std@@@std@@IEBAPEADXZ) already defined in assimp-vc143-mtd.lib(OpenDDLExport.cpp.obj)
msvcprtd.lib(MSVCP140D.dll) : error LNK2005: "protected: char * __cdecl std::basic_streambuf<char,struct std::char_traits<char> >::gptr(void)const " (?gptr@?$basic_streambuf@DU?$char_traits@D@std@@@std@@IEBAPEADXZ) already defined in assimp-vc143-mtd.lib(OpenDDLExport.cpp.obj)
msvcprtd.lib(MSVCP140D.dll) : error LNK2005: "protected: char * __cdecl std::basic_streambuf<char,struct std::char_traits<char> >::pptr(void)const " (?pptr@?$basic_streambuf@DU?$char_traits@D@std@@@std@@IEBAPEADXZ) already defined in assimp-vc143-mtd.lib(OpenDDLExport.cpp.obj)
msvcprtd.lib(MSVCP140D.dll) : error LNK2005: "protected: char * __cdecl std::basic_streambuf<char,struct std::char_traits<char> >::egptr(void)const " (?egptr@?$basic_streambuf@DU?$char_traits@D@std@@@std@@IEBAPEADXZ) already defined in assimp-vc143-mtd.lib(OpenDDLExport.cpp.obj)
msvcprtd.lib(MSVCP140D.dll) : error LNK2005: "protected: void __cdecl std::basic_streambuf<char,struct std::char_traits<char> >::gbump(int)" (?gbump@?$basic_streambuf@DU?$char_traits@D@std@@@std@@IEAAXH@Z) already defined in assimp-vc143-mtd.lib(OpenDDLExport.cpp.obj)
msvcprtd.lib(MSVCP140D.dll) : error LNK2005: "protected: void __cdecl std::basic_streambuf<char,struct std::char_traits<char> >::setg(char *,char *,char *)" (?setg@?$basic_streambuf@DU?$char_traits@D@std@@@std@@IEAAXPEAD00@Z) already defined in assimp-vc143-mtd.lib(OpenDDLExport.cpp.obj)
msvcprtd.lib(MSVCP140D.dll) : error LNK2005: "protected: char * __cdecl std::basic_streambuf<char,struct std::char_traits<char> >::epptr(void)const " (?epptr@?$basic_streambuf@DU?$char_traits@D@std@@@std@@IEBAPEADXZ) already defined in assimp-vc143-mtd.lib(OpenDDLExport.cpp.obj)
msvcprtd.lib(MSVCP140D.dll) : error LNK2005: "protected: char * __cdecl std::basic_streambuf<char,struct std::char_traits<char> >::_Gninc(void)" (?_Gninc@?$basic_streambuf@DU?$char_traits@D@std@@@std@@IEAAPEADXZ) already defined in assimp-vc143-mtd.lib(OpenDDLExport.cpp.obj)
msvcprtd.lib(MSVCP140D.dll) : error LNK2005: "protected: __int64 __cdecl std::basic_streambuf<char,struct std::char_traits<char> >::_Gnavail(void)const " (?_Gnavail@?$basic_streambuf@DU?$char_traits@D@std@@@std@@IEBA_JXZ) already defined in assimp-vc143-mtd.lib(OpenDDLExport.cpp.obj)
msvcprtd.lib(MSVCP140D.dll) : error LNK2005: "protected: void __cdecl std::basic_streambuf<char,struct std::char_traits<char> >::pbump(int)" (?pbump@?$basic_streambuf@DU?$char_traits@D@std@@@std@@IEAAXH@Z) already defined in assimp-vc143-mtd.lib(OpenDDLExport.cpp.obj)
msvcprtd.lib(MSVCP140D.dll) : error LNK2005: "protected: char * __cdecl std::basic_streambuf<char,struct std::char_traits<char> >::_Pninc(void)" (?_Pninc@?$basic_streambuf@DU?$char_traits@D@std@@@std@@IEAAPEADXZ) already defined in assimp-vc143-mtd.lib(OpenDDLExport.cpp.obj)
msvcprtd.lib(MSVCP140D.dll) : error LNK2005: "protected: __int64 __cdecl std::basic_streambuf<char,struct std::char_traits<char> >::_Pnavail(void)const " (?_Pnavail@?$basic_streambuf@DU?$char_traits@D@std@@@std@@IEBA_JXZ) already defined in assimp-vc143-mtd.lib(OpenDDLExport.cpp.obj)
msvcprtd.lib(MSVCP140D.dll) : error LNK2005: "protected: void __cdecl std::basic_streambuf<char,struct std::char_traits<char> >::_Init(void)" (?_Init@?$basic_streambuf@DU?$char_traits@D@std@@@std@@IEAAXXZ) already defined in assimp-vc143-mtd.lib(OpenDDLExport.cpp.obj)
msvcprtd.lib(MSVCP140D.dll) : error LNK2005: "protected: virtual __int64 __cdecl std::basic_streambuf<char,struct std::char_traits<char> >::xsgetn(char *,__int64)" (?xsgetn@?$basic_streambuf@DU?$char_traits@D@std@@@std@@MEAA_JPEAD_J@Z) already defined in assimp-vc143-mtd.lib(OpenDDLExport.cpp.obj)
msvcprtd.lib(MSVCP140D.dll) : error LNK2005: "protected: virtual __int64 __cdecl std::basic_streambuf<char,struct std::char_traits<char> >::xsputn(char const *,__int64)" (?xsputn@?$basic_streambuf@DU?$char_traits@D@std@@@std@@MEAA_JPEBD_J@Z) already defined in assimp-vc143-mtd.lib(OpenDDLExport.cpp.obj)
msvcprtd.lib(MSVCP140D.dll) : error LNK2005: "public: virtual __cdecl std::basic_ios<char,struct std::char_traits<char> >::~basic_ios<char,struct std::char_traits<char> >(void)" (??1?$basic_ios@DU?$char_traits@D@std@@@std@@UEAA@XZ) already defined in assimp-vc143-mtd.lib(OpenDDLExport.cpp.obj)
msvcprtd.lib(MSVCP140D.dll) : error LNK2005: "protected: __cdecl std::basic_ios<char,struct std::char_traits<char> >::basic_ios<char,struct std::char_traits<char> >(void)" (??0?$basic_ios@DU?$char_traits@D@std@@@std@@IEAA@XZ) already defined in assimp-vc143-mtd.lib(OpenDDLExport.cpp.obj)
msvcprtd.lib(MSVCP140D.dll) : error LNK2005: "public: __cdecl std::basic_istream<char,struct std::char_traits<char> >::basic_istream<char,struct std::char_traits<char> >(class std::basic_streambuf<char,struct std::char_traits<char> > *,bool)" (??0?$basic_istream@DU?$char_traits@D@std@@@std@@QEAA@PEAV?$basic_streambuf@DU?$char_traits@D@std@@@1@_N@Z) already defined in assimp-vc143-mtd.lib(OpenDDLExport.cpp.obj)
msvcprtd.lib(MSVCP140D.dll) : error LNK2005: "public: virtual __cdecl std::basic_istream<char,struct std::char_traits<char> >::~basic_istream<char,struct std::char_traits<char> >(void)" (??1?$basic_istream@DU?$char_traits@D@std@@@std@@UEAA@XZ) already defined in assimp-vc143-mtd.lib(OpenDDLExport.cpp.obj)
libcpmtd.lib(locale0.obj) : error LNK2038: mismatch detected for 'RuntimeLibrary': value 'MTd_StaticDebug' doesn't match value 'MDd_DynamicDebug' in main.obj
libcpmtd.lib(locale0.obj) : error LNK2005: "void __cdecl std::_Facet_Register(class std::_Facet_base *)" (?_Facet_Register@std@@YAXPEAV_Facet_base@1@@Z) already defined in msvcprtd.lib(locale0_implib.obj)
libcpmtd.lib(locale0.obj) : error LNK2005: "private: static class std::locale::_Locimp * __cdecl std::locale::_Getgloballocale(void)" (?_Getgloballocale@locale@std@@CAPEAV_Locimp@12@XZ) already defined in msvcprtd.lib(MSVCP140D.dll)
libcpmtd.lib(locale0.obj) : error LNK2005: "private: static class std::locale::_Locimp * __cdecl std::locale::_Init(bool)" (?_Init@locale@std@@CAPEAV_Locimp@12@_N@Z) already defined in msvcprtd.lib(MSVCP140D.dll)
libcpmtd.lib(locale0.obj) : error LNK2005: "public: static void __cdecl std::_Locinfo::_Locinfo_ctor(class std::_Locinfo *,char const *)" (?_Locinfo_ctor@_Locinfo@std@@SAXPEAV12@PEBD@Z) already defined in msvcprtd.lib(MSVCP140D.dll)
libcpmtd.lib(locale0.obj) : error LNK2005: "public: static void __cdecl std::_Locinfo::_Locinfo_dtor(class std::_Locinfo *)" (?_Locinfo_dtor@_Locinfo@std@@SAXPEAV12@@Z) already defined in msvcprtd.lib(MSVCP140D.dll)
libcpmtd.lib(cerr.obj) : error LNK2038: mismatch detected for 'RuntimeLibrary': value 'MTd_StaticDebug' doesn't match value 'MDd_DynamicDebug' in main.obj
libcpmtd.lib(cerr.obj) : error LNK2005: "public: static unsigned __int64 __cdecl std::codecvt<char,char,struct _Mbstatet>::_Getcat(class std::locale::facet const * *,class std::locale const *)" (?_Getcat@?$codecvt@DDU_Mbstatet@@@std@@SA_KPEAPEBVfacet@locale@2@PEBV42@@Z) already defined in msvcprtd.lib(MSVCP140D.dll)
libcpmtd.lib(cerr.obj) : error LNK2005: "protected: char * __cdecl std::basic_streambuf<char,struct std::char_traits<char> >::_Gndec(void)" (?_Gndec@?$basic_streambuf@DU?$char_traits@D@std@@@std@@IEAAPEADXZ) already defined in msvcprtd.lib(MSVCP140D.dll)
libcpmtd.lib(cerr.obj) : error LNK2005: "protected: void __cdecl std::basic_streambuf<char,struct std::char_traits<char> >::_Init(char * *,char * *,int *,char * *,char * *,int *)" (?_Init@?$basic_streambuf@DU?$char_traits@D@std@@@std@@IEAAXPEAPEAD0PEAH001@Z) already defined in msvcprtd.lib(MSVCP140D.dll)
libcpmtd.lib(cerr.obj) : error LNK2005: "public: bool __cdecl std::codecvt_base::always_noconv(void)const " (?always_noconv@codecvt_base@std@@QEBA_NXZ) already defined in msvcprtd.lib(MSVCP140D.dll)
libcpmtd.lib(cerr.obj) : error LNK2005: "public: int __cdecl std::codecvt<char,char,struct _Mbstatet>::in(struct _Mbstatet &,char const *,char const *,char const * &,char *,char *,char * &)const " (?in@?$codecvt@DDU_Mbstatet@@@std@@QEBAHAEAU_Mbstatet@@PEBD1AEAPEBDPEAD3AEAPEAD@Z) already defined in msvcprtd.lib(MSVCP140D.dll)
libcpmtd.lib(cerr.obj) : error LNK2005: "public: int __cdecl std::codecvt<char,char,struct _Mbstatet>::out(struct _Mbstatet &,char const *,char const *,char const * &,char *,char *,char * &)const " (?out@?$codecvt@DDU_Mbstatet@@@std@@QEBAHAEAU_Mbstatet@@PEBD1AEAPEBDPEAD3AEAPEAD@Z) already defined in msvcprtd.lib(MSVCP140D.dll)
libcpmtd.lib(cerr.obj) : error LNK2005: "public: int __cdecl std::codecvt<char,char,struct _Mbstatet>::unshift(struct _Mbstatet &,char *,char *,char * &)const " (?unshift@?$codecvt@DDU_Mbstatet@@@std@@QEBAHAEAU_Mbstatet@@PEAD1AEAPEAD@Z) already defined in msvcprtd.lib(MSVCP140D.dll)
libcpmtd.lib(locale.obj) : error LNK2038: mismatch detected for 'RuntimeLibrary': value 'MTd_StaticDebug' doesn't match value 'MDd_DynamicDebug' in main.obj
libcpmtd.lib(locale.obj) : error LNK2005: "public: static unsigned __int64 __cdecl std::codecvt<char,char,struct _Mbstatet>::_Getcat(class std::locale::facet const * *,class std::locale const *)" (?_Getcat@?$codecvt@DDU_Mbstatet@@@std@@SA_KPEAPEBVfacet@locale@2@PEBV42@@Z) already defined in msvcprtd.lib(MSVCP140D.dll)
libcpmtd.lib(locale.obj) : error LNK2005: "public: int __cdecl std::basic_streambuf<char,struct std::char_traits<char> >::sbumpc(void)" (?sbumpc@?$basic_streambuf@DU?$char_traits@D@std@@@std@@QEAAHXZ) already defined in msvcprtd.lib(MSVCP140D.dll)
libcpmtd.lib(locale.obj) : error LNK2005: "public: int __cdecl std::basic_streambuf<char,struct std::char_traits<char> >::sgetc(void)" (?sgetc@?$basic_streambuf@DU?$char_traits@D@std@@@std@@QEAAHXZ) already defined in msvcprtd.lib(MSVCP140D.dll)
libcpmtd.lib(iosptrs.obj) : error LNK2038: mismatch detected for 'RuntimeLibrary': value 'MTd_StaticDebug' doesn't match value 'MDd_DynamicDebug' in main.obj
libcpmtd.lib(xlock.obj) : error LNK2038: mismatch detected for 'RuntimeLibrary': value 'MTd_StaticDebug' doesn't match value 'MDd_DynamicDebug' in main.obj
libcpmtd.lib(xlock.obj) : error LNK2005: "public: __cdecl std::_Lockit::_Lockit(int)" (??0_Lockit@std@@QEAA@H@Z) already defined in msvcprtd.lib(MSVCP140D.dll)
libcpmtd.lib(xlock.obj) : error LNK2005: "public: __cdecl std::_Lockit::~_Lockit(void)" (??1_Lockit@std@@QEAA@XZ) already defined in msvcprtd.lib(MSVCP140D.dll)
libcpmtd.lib(wlocale.obj) : error LNK2038: mismatch detected for 'RuntimeLibrary': value 'MTd_StaticDebug' doesn't match value 'MDd_DynamicDebug' in main.obj
libcpmtd.lib(xlocale.obj) : error LNK2038: mismatch detected for 'RuntimeLibrary': value 'MTd_StaticDebug' doesn't match value 'MDd_DynamicDebug' in main.obj
libcpmtd.lib(xlocale.obj) : error LNK2005: "public: int __cdecl std::basic_streambuf<char,struct std::char_traits<char> >::sbumpc(void)" (?sbumpc@?$basic_streambuf@DU?$char_traits@D@std@@@std@@QEAAHXZ) already defined in msvcprtd.lib(MSVCP140D.dll)
libcpmtd.lib(xlocale.obj) : error LNK2005: "public: int __cdecl std::basic_streambuf<char,struct std::char_traits<char> >::sgetc(void)" (?sgetc@?$basic_streambuf@DU?$char_traits@D@std@@@std@@QEAAHXZ) already defined in msvcprtd.lib(MSVCP140D.dll)
libcpmtd.lib(xstol.obj) : error LNK2038: mismatch detected for 'RuntimeLibrary': value 'MTd_StaticDebug' doesn't match value 'MDd_DynamicDebug' in main.obj
libcpmtd.lib(xstoul.obj) : error LNK2038: mismatch detected for 'RuntimeLibrary': value 'MTd_StaticDebug' doesn't match value 'MDd_DynamicDebug' in main.obj
libcpmtd.lib(xstoll.obj) : error LNK2038: mismatch detected for 'RuntimeLibrary': value 'MTd_StaticDebug' doesn't match value 'MDd_DynamicDebug' in main.obj
libcpmtd.lib(xstoull.obj) : error LNK2038: mismatch detected for 'RuntimeLibrary': value 'MTd_StaticDebug' doesn't match value 'MDd_DynamicDebug' in main.obj
libcpmtd.lib(xmtx.obj) : error LNK2038: mismatch detected for 'RuntimeLibrary': value 'MTd_StaticDebug' doesn't match value 'MDd_DynamicDebug' in main.obj
libcpmtd.lib(xstrcoll.obj) : error LNK2038: mismatch detected for 'RuntimeLibrary': value 'MTd_StaticDebug' doesn't match value 'MDd_DynamicDebug' in main.obj
libcpmtd.lib(xdateord.obj) : error LNK2038: mismatch detected for 'RuntimeLibrary': value 'MTd_StaticDebug' doesn't match value 'MDd_DynamicDebug' in main.obj
libcpmtd.lib(xmbtowc.obj) : error LNK2038: mismatch detected for 'RuntimeLibrary': value 'MTd_StaticDebug' doesn't match value 'MDd_DynamicDebug' in main.obj
libcpmtd.lib(xwctomb.obj) : error LNK2038: mismatch detected for 'RuntimeLibrary': value 'MTd_StaticDebug' doesn't match value 'MDd_DynamicDebug' in main.obj
libcpmtd.lib(xwctomb.obj) : error LNK2005: _Getcvt already defined in msvcprtd.lib(MSVCP140D.dll)
libcpmtd.lib(xwcscoll.obj) : error LNK2038: mismatch detected for 'RuntimeLibrary': value 'MTd_StaticDebug' doesn't match value 'MDd_DynamicDebug' in main.obj
libcpmtd.lib(xwcsxfrm.obj) : error LNK2038: mismatch detected for 'RuntimeLibrary': value 'MTd_StaticDebug' doesn't match value 'MDd_DynamicDebug' in main.obj
libcpmtd.lib(xgetwctype.obj) : error LNK2038: mismatch detected for 'RuntimeLibrary': value 'MTd_StaticDebug' doesn't match value 'MDd_DynamicDebug' in main.obj
libcpmtd.lib(xtowlower.obj) : error LNK2038: mismatch detected for 'RuntimeLibrary': value 'MTd_StaticDebug' doesn't match value 'MDd_DynamicDebug' in main.obj
libcpmtd.lib(xtowupper.obj) : error LNK2038: mismatch detected for 'RuntimeLibrary': value 'MTd_StaticDebug' doesn't match value 'MDd_DynamicDebug' in main.obj
libcpmtd.lib(xstrxfrm.obj) : error LNK2038: mismatch detected for 'RuntimeLibrary': value 'MTd_StaticDebug' doesn't match value 'MDd_DynamicDebug' in main.obj
libcpmtd.lib(StlCompareStringA.obj) : error LNK2038: mismatch detected for 'RuntimeLibrary': value 'MTd_StaticDebug' doesn't match value 'MDd_DynamicDebug' in main.obj
libcpmtd.lib(StlCompareStringW.obj) : error LNK2038: mismatch detected for 'RuntimeLibrary': value 'MTd_StaticDebug' doesn't match value 'MDd_DynamicDebug' in main.obj
libcpmtd.lib(StlLCMapStringW.obj) : error LNK2038: mismatch detected for 'RuntimeLibrary': value 'MTd_StaticDebug' doesn't match value 'MDd_DynamicDebug' in main.obj
libcpmtd.lib(StlLCMapStringA.obj) : error LNK2038: mismatch detected for 'RuntimeLibrary': value 'MTd_StaticDebug' doesn't match value 'MDd_DynamicDebug' in main.obj
LINK : warning LNK4098: defaultlib 'LIBCMTD' conflicts with use of other libs; use /NODEFAULTLIB:library
C:\Users\zyhru\Projects\Graphics\build\Debug\Engine.exe : fatal error LNK1169: one or more multiply defined symbols found
